Build started 6/27/2013 5:58:04 PM.
     1>Project "Q:\CS201\Projects\Assignment_2\Assignment_2\Assignment_2\Assignment_2.vcxproj" on node 2 (build target(s)).
     1>InitializeBuildStatus:
         Touching "Debug\Assignment_2.unsuccessfulbuild".
       ClCompile:
         c:\Program Files\Microsoft Visual Studio 10.0\VC\bin\CL.exe /c /ZI /nologo /W3 /WX- /Od /Oy- /D _MBCS /Gm /EHsc /RTC1 /MDd /GS /fp:precise /Zc:wchar_t /Zc:forScope /Fo"Debug\\" /Fd"Debug\vc100.pdb" /Gd /TP /analyze- /errorReport:prompt Main.cpp
         Main.cpp
     1>q:\cs201\projects\assignment_2\assignment_2\assignment_2\main.cpp(23): warning C4244: 'argument' : conversion from 'time_t' to 'unsigned int', possible loss of data
       Link:
         c:\Program Files\Microsoft Visual Studio 10.0\VC\bin\link.exe /ERRORREPORT:PROMPT /OUT:"Q:\CS201\Projects\Assignment_2\Assignment_2\Debug\Assignment_2.exe" /NOLOGO kernel32.lib user32.lib gdi32.lib winspool.lib comdlg32.lib advapi32.lib shell32.lib ole32.lib oleaut32.lib uuid.lib odbc32.lib odbccp32.lib /MANIFEST /ManifestFile:"Debug\Assignment_2.exe.intermediate.manifest" /MANIFESTUAC:"level='asInvoker' uiAccess='false'" /DEBUG /PDB:"Q:\CS201\Projects\Assignment_2\Assignment_2\Debug\Assignment_2.pdb" /TLBID:1 /DYNAMICBASE /NXCOMPAT /IMPLIB:"Q:\CS201\Projects\Assignment_2\Assignment_2\Debug\Assignment_2.lib" /MACHINE:X86 Debug\Equipment.obj
         Debug\Main.obj
         LINK : Q:\CS201\Projects\Assignment_2\Assignment_2\Debug\Assignment_2.exe not found or not built by the last incremental link; performing full link
         Assignment_2.vcxproj -> Q:\CS201\Projects\Assignment_2\Assignment_2\Debug\Assignment_2.exe
       Manifest:
         c:\Program Files\Microsoft SDKs\Windows\v7.0A\bin\mt.exe /nologo /verbose /outputresource:"Q:\CS201\Projects\Assignment_2\Assignment_2\Debug\Assignment_2.exe;#1" /manifest Debug\Assignment_2.exe.intermediate.manifest
       FinalizeBuildStatus:
         Deleting file "Debug\Assignment_2.unsuccessfulbuild".
         Touching "Debug\Assignment_2.lastbuildstate".
     1>Done Building Project "Q:\CS201\Projects\Assignment_2\Assignment_2\Assignment_2\Assignment_2.vcxproj" (build target(s)).

Build succeeded.

Time Elapsed 00:00:03.77
