Build started 6/18/2013 3:50:06 PM.
     1>Project "\\kc.umkc.edu\kc-users\home\k\kab4f2\My Documents\Visual Studio 2010\Projects\Assignment_1\Assignment_1\Assignment_1.vcxproj" on node 2 (build target(s)).
     1>InitializeBuildStatus:
         Touching "Debug\Assignment_1.unsuccessfulbuild".
       ClCompile:
         c:\Program Files\Microsoft Visual Studio 10.0\VC\bin\CL.exe /c /ZI /nologo /W3 /WX- /Od /Oy- /D _MBCS /Gm /EHsc /RTC1 /MDd /GS /fp:precise /Zc:wchar_t /Zc:forScope /Fo"Debug\\" /Fd"Debug\vc100.pdb" /Gd /TP /analyze- /errorReport:prompt Main.cpp
         Main.cpp
     1>\\kc.umkc.edu\kc-users\home\k\kab4f2\my documents\visual studio 2010\projects\assignment_1\assignment_1\main.cpp(17): warning C4244: 'argument' : conversion from 'time_t' to 'unsigned int', possible loss of data
       Link:
         c:\Program Files\Microsoft Visual Studio 10.0\VC\bin\link.exe /ERRORREPORT:PROMPT /OUT:"\\kc.umkc.edu\kc-users\home\k\kab4f2\My Documents\Visual Studio 2010\Projects\Assignment_1\Debug\Assignment_1.exe" /NOLOGO kernel32.lib user32.lib gdi32.lib winspool.lib comdlg32.lib advapi32.lib shell32.lib ole32.lib oleaut32.lib uuid.lib odbc32.lib odbccp32.lib /MANIFEST /ManifestFile:"Debug\Assignment_1.exe.intermediate.manifest" /MANIFESTUAC:"level='asInvoker' uiAccess='false'" /DEBUG /PDB:"\\kc.umkc.edu\kc-users\home\k\kab4f2\My Documents\Visual Studio 2010\Projects\Assignment_1\Debug\Assignment_1.pdb" /TLBID:1 /DYNAMICBASE /NXCOMPAT /IMPLIB:"\\kc.umkc.edu\kc-users\home\k\kab4f2\My Documents\Visual Studio 2010\Projects\Assignment_1\Debug\Assignment_1.lib" /MACHINE:X86 Debug\Main.obj
         LINK : \\kc.umkc.edu\kc-users\home\k\kab4f2\My Documents\Visual Studio 2010\Projects\Assignment_1\Debug\Assignment_1.exe not found or not built by the last incremental link; performing full link
         Assignment_1.vcxproj -> \\kc.umkc.edu\kc-users\home\k\kab4f2\My Documents\Visual Studio 2010\Projects\Assignment_1\Debug\Assignment_1.exe
       Manifest:
         c:\Program Files\Microsoft SDKs\Windows\v7.0A\bin\mt.exe /nologo /verbose /outputresource:"\\kc.umkc.edu\kc-users\home\k\kab4f2\My Documents\Visual Studio 2010\Projects\Assignment_1\Debug\Assignment_1.exe;#1" /manifest Debug\Assignment_1.exe.intermediate.manifest
       FinalizeBuildStatus:
         Deleting file "Debug\Assignment_1.unsuccessfulbuild".
         Touching "Debug\Assignment_1.lastbuildstate".
     1>Done Building Project "\\kc.umkc.edu\kc-users\home\k\kab4f2\My Documents\Visual Studio 2010\Projects\Assignment_1\Assignment_1\Assignment_1.vcxproj" (build target(s)).

Build succeeded.

Time Elapsed 00:00:03.13
