Build started 7/11/2013 6:38:11 PM.
     1>Project "Q:\CS201\Projects\Assignment_3a\Assignment_3a\Assignment_3a\Assignment_3a.vcxproj" on node 2 (build target(s)).
     1>InitializeBuildStatus:
         Creating "Debug\Assignment_3a.unsuccessfulbuild" because "AlwaysCreate" was specified.
       ClCompile:
         c:\Program Files\Microsoft Visual Studio 10.0\VC\bin\CL.exe /c /ZI /nologo /W3 /WX- /Od /Oy- /D _MBCS /Gm /EHsc /RTC1 /MDd /GS /fp:precise /Zc:wchar_t /Zc:forScope /Fo"Debug\\" /Fd"Debug\vc100.pdb" /Gd /TP /analyze- /errorReport:prompt EmployeeHandler.cpp
         EmployeeHandler.cpp
     1>q:\cs201\projects\assignment_3a\assignment_3a\assignment_3a\employeehandler.cpp(59): warning C4244: 'argument' : conversion from 'int' to 'float', possible loss of data
       Link:
         c:\Program Files\Microsoft Visual Studio 10.0\VC\bin\link.exe /ERRORREPORT:PROMPT /OUT:"Q:\CS201\Projects\Assignment_3a\Assignment_3a\Debug\Assignment_3a.exe" /NOLOGO kernel32.lib user32.lib gdi32.lib winspool.lib comdlg32.lib advapi32.lib shell32.lib ole32.lib oleaut32.lib uuid.lib odbc32.lib odbccp32.lib /MANIFEST /ManifestFile:"Debug\Assignment_3a.exe.intermediate.manifest" /MANIFESTUAC:"level='asInvoker' uiAccess='false'" /DEBUG /PDB:"Q:\CS201\Projects\Assignment_3a\Assignment_3a\Debug\Assignment_3a.pdb" /TLBID:1 /DYNAMICBASE /NXCOMPAT /IMPLIB:"Q:\CS201\Projects\Assignment_3a\Assignment_3a\Debug\Assignment_3a.lib" /MACHINE:X86 Debug\Employee.obj
         Debug\EmployeeHandler.obj
         Debug\Main.obj
         Debug\Schedule.obj
         LINK : Q:\CS201\Projects\Assignment_3a\Assignment_3a\Debug\Assignment_3a.exe not found or not built by the last incremental link; performing full link
         Assignment_3a.vcxproj -> Q:\CS201\Projects\Assignment_3a\Assignment_3a\Debug\Assignment_3a.exe
       Manifest:
         c:\Program Files\Microsoft SDKs\Windows\v7.0A\bin\mt.exe /nologo /verbose /outputresource:"Q:\CS201\Projects\Assignment_3a\Assignment_3a\Debug\Assignment_3a.exe;#1" /manifest Debug\Assignment_3a.exe.intermediate.manifest
       FinalizeBuildStatus:
         Deleting file "Debug\Assignment_3a.unsuccessfulbuild".
         Touching "Debug\Assignment_3a.lastbuildstate".
     1>Done Building Project "Q:\CS201\Projects\Assignment_3a\Assignment_3a\Assignment_3a\Assignment_3a.vcxproj" (build target(s)).

Build succeeded.

Time Elapsed 00:00:03.12
